{"src/backbone-polling.js":{"path":"src/backbone-polling.js","s":{"1":1,"2":1,"3":0,"4":1,"5":1,"6":7,"7":5,"8":5,"9":5,"10":13,"11":9,"12":9,"13":9,"14":0,"15":9,"16":9,"17":5,"18":5,"19":4,"20":4,"21":3,"22":1,"23":9,"24":13,"25":12,"26":0,"27":12,"28":19,"29":12,"30":12,"31":5,"32":5,"33":5,"34":12,"35":12},"b":{"1":[0,1],"2":[1,0],"3":[9,0],"4":[0,9],"5":[3,1],"6":[0,12],"7":[12,5],"8":[5,7],"9":[5,0]},"f":{"1":1,"2":1,"3":7,"4":5,"5":13,"6":9,"7":5,"8":4,"9":9,"10":12,"11":19,"12":12},"fnMap":{"1":{"name":"(anonymous_1)","line":13,"loc":{"start":{"line":13,"column":1},"end":{"line":13,"column":26}}},"2":{"name":"(anonymous_2)","line":22,"loc":{"start":{"line":22,"column":8},"end":{"line":22,"column":24}}},"3":{"name":"(anonymous_3)","line":51,"loc":{"start":{"line":51,"column":19},"end":{"line":51,"column":40}}},"4":{"name":"(anonymous_4)","line":59,"loc":{"start":{"line":59,"column":23},"end":{"line":59,"column":34}}},"5":{"name":"(anonymous_5)","line":71,"loc":{"start":{"line":71,"column":18},"end":{"line":71,"column":43}}},"6":{"name":"(anonymous_6)","line":72,"loc":{"start":{"line":72,"column":60},"end":{"line":72,"column":71}}},"7":{"name":"(anonymous_7)","line":82,"loc":{"start":{"line":82,"column":46},"end":{"line":82,"column":57}}},"8":{"name":"(anonymous_8)","line":85,"loc":{"start":{"line":85,"column":42},"end":{"line":85,"column":53}}},"9":{"name":"(anonymous_9)","line":94,"loc":{"start":{"line":94,"column":44},"end":{"line":94,"column":55}}},"10":{"name":"(anonymous_10)","line":105,"loc":{"start":{"line":105,"column":35},"end":{"line":105,"column":46}}},"11":{"name":"(anonymous_11)","line":116,"loc":{"start":{"line":116,"column":20},"end":{"line":116,"column":31}}},"12":{"name":"(anonymous_12)","line":124,"loc":{"start":{"line":124,"column":22},"end":{"line":124,"column":33}}}},"statementMap":{"1":{"start":{"line":13,"column":0},"end":{"line":137,"column":4}},"2":{"start":{"line":15,"column":4},"end":{"line":21,"column":5}},"3":{"start":{"line":17,"column":8},"end":{"line":17,"column":50}},"4":{"start":{"line":20,"column":8},"end":{"line":20,"column":60}},"5":{"start":{"line":25,"column":4},"end":{"line":136,"column":6}},"6":{"start":{"line":52,"column":12},"end":{"line":52,"column":101}},"7":{"start":{"line":60,"column":12},"end":{"line":60,"column":45}},"8":{"start":{"line":61,"column":12},"end":{"line":61,"column":29}},"9":{"start":{"line":62,"column":12},"end":{"line":62,"column":24}},"10":{"start":{"line":72,"column":12},"end":{"line":97,"column":37}},"11":{"start":{"line":73,"column":16},"end":{"line":75,"column":17}},"12":{"start":{"line":74,"column":20},"end":{"line":74,"column":62}},"13":{"start":{"line":78,"column":16},"end":{"line":78,"column":58}},"14":{"start":{"line":78,"column":49},"end":{"line":78,"column":56}},"15":{"start":{"line":80,"column":16},"end":{"line":80,"column":88}},"16":{"start":{"line":82,"column":16},"end":{"line":96,"column":30}},"17":{"start":{"line":83,"column":24},"end":{"line":83,"column":55}},"18":{"start":{"line":84,"column":24},"end":{"line":84,"column":74}},"19":{"start":{"line":86,"column":24},"end":{"line":86,"column":53}},"20":{"start":{"line":89,"column":24},"end":{"line":93,"column":25}},"21":{"start":{"line":90,"column":28},"end":{"line":90,"column":78}},"22":{"start":{"line":92,"column":28},"end":{"line":92,"column":48}},"23":{"start":{"line":95,"column":24},"end":{"line":95,"column":55}},"24":{"start":{"line":98,"column":12},"end":{"line":98,"column":24}},"25":{"start":{"line":106,"column":12},"end":{"line":108,"column":13}},"26":{"start":{"line":107,"column":16},"end":{"line":107,"column":42}},"27":{"start":{"line":109,"column":12},"end":{"line":109,"column":24}},"28":{"start":{"line":117,"column":12},"end":{"line":117,"column":65}},"29":{"start":{"line":125,"column":12},"end":{"line":125,"column":46}},"30":{"start":{"line":126,"column":12},"end":{"line":131,"column":13}},"31":{"start":{"line":127,"column":16},"end":{"line":129,"column":17}},"32":{"start":{"line":128,"column":20},"end":{"line":128,"column":62}},"33":{"start":{"line":130,"column":16},"end":{"line":130,"column":56}},"34":{"start":{"line":132,"column":12},"end":{"line":132,"column":45}},"35":{"start":{"line":133,"column":12},"end":{"line":133,"column":24}}},"branchMap":{"1":{"line":15,"type":"if","locations":[{"start":{"line":15,"column":4},"end":{"line":15,"column":4}},{"start":{"line":15,"column":4},"end":{"line":15,"column":4}}]},"2":{"line":15,"type":"binary-expr","locations":[{"start":{"line":15,"column":8},"end":{"line":15,"column":36}},{"start":{"line":15,"column":40},"end":{"line":15,"column":50}}]},"3":{"line":73,"type":"if","locations":[{"start":{"line":73,"column":16},"end":{"line":73,"column":16}},{"start":{"line":73,"column":16},"end":{"line":73,"column":16}}]},"4":{"line":78,"type":"if","locations":[{"start":{"line":78,"column":16},"end":{"line":78,"column":16}},{"start":{"line":78,"column":16},"end":{"line":78,"column":16}}]},"5":{"line":89,"type":"if","locations":[{"start":{"line":89,"column":24},"end":{"line":89,"column":24}},{"start":{"line":89,"column":24},"end":{"line":89,"column":24}}]},"6":{"line":106,"type":"if","locations":[{"start":{"line":106,"column":12},"end":{"line":106,"column":12}},{"start":{"line":106,"column":12},"end":{"line":106,"column":12}}]},"7":{"line":106,"type":"binary-expr","locations":[{"start":{"line":106,"column":15},"end":{"line":106,"column":48}},{"start":{"line":106,"column":52},"end":{"line":106,"column":94}}]},"8":{"line":126,"type":"if","locations":[{"start":{"line":126,"column":12},"end":{"line":126,"column":12}},{"start":{"line":126,"column":12},"end":{"line":126,"column":12}}]},"9":{"line":127,"type":"if","locations":[{"start":{"line":127,"column":16},"end":{"line":127,"column":16}},{"start":{"line":127,"column":16},"end":{"line":127,"column":16}}]}}}}