{"src/backbone-polling.js":{"path":"src/backbone-polling.js","s":{"1":1,"2":1,"3":0,"4":1,"5":1,"6":4,"7":5,"8":5,"9":5,"10":13,"11":9,"12":9,"13":0,"14":9,"15":9,"16":5,"17":5,"18":4,"19":4,"20":3,"21":1,"22":9,"23":13,"24":12,"25":0,"26":12,"27":19,"28":12,"29":12,"30":5,"31":5,"32":12,"33":12},"b":{"1":[0,1],"2":[1,0],"3":[0,9],"4":[3,1],"5":[0,12],"6":[12,5],"7":[5,7]},"f":{"1":1,"2":1,"3":4,"4":5,"5":13,"6":9,"7":5,"8":4,"9":9,"10":12,"11":19,"12":12},"fnMap":{"1":{"name":"(anonymous_1)","line":13,"loc":{"start":{"line":13,"column":1},"end":{"line":13,"column":26}}},"2":{"name":"(anonymous_2)","line":22,"loc":{"start":{"line":22,"column":8},"end":{"line":22,"column":24}}},"3":{"name":"(anonymous_3)","line":45,"loc":{"start":{"line":45,"column":19},"end":{"line":45,"column":40}}},"4":{"name":"(anonymous_4)","line":53,"loc":{"start":{"line":53,"column":23},"end":{"line":53,"column":34}}},"5":{"name":"(anonymous_5)","line":65,"loc":{"start":{"line":65,"column":18},"end":{"line":65,"column":43}}},"6":{"name":"(anonymous_6)","line":66,"loc":{"start":{"line":66,"column":48},"end":{"line":66,"column":59}}},"7":{"name":"(anonymous_7)","line":75,"loc":{"start":{"line":75,"column":46},"end":{"line":75,"column":57}}},"8":{"name":"(anonymous_8)","line":78,"loc":{"start":{"line":78,"column":42},"end":{"line":78,"column":53}}},"9":{"name":"(anonymous_9)","line":87,"loc":{"start":{"line":87,"column":44},"end":{"line":87,"column":55}}},"10":{"name":"(anonymous_10)","line":98,"loc":{"start":{"line":98,"column":35},"end":{"line":98,"column":46}}},"11":{"name":"(anonymous_11)","line":109,"loc":{"start":{"line":109,"column":20},"end":{"line":109,"column":31}}},"12":{"name":"(anonymous_12)","line":117,"loc":{"start":{"line":117,"column":22},"end":{"line":117,"column":33}}}},"statementMap":{"1":{"start":{"line":13,"column":0},"end":{"line":128,"column":4}},"2":{"start":{"line":15,"column":4},"end":{"line":21,"column":5}},"3":{"start":{"line":17,"column":8},"end":{"line":17,"column":50}},"4":{"start":{"line":20,"column":8},"end":{"line":20,"column":60}},"5":{"start":{"line":25,"column":4},"end":{"line":127,"column":6}},"6":{"start":{"line":46,"column":12},"end":{"line":46,"column":101}},"7":{"start":{"line":54,"column":12},"end":{"line":54,"column":39}},"8":{"start":{"line":55,"column":12},"end":{"line":55,"column":29}},"9":{"start":{"line":56,"column":12},"end":{"line":56,"column":24}},"10":{"start":{"line":66,"column":12},"end":{"line":90,"column":37}},"11":{"start":{"line":67,"column":16},"end":{"line":67,"column":46}},"12":{"start":{"line":71,"column":16},"end":{"line":71,"column":52}},"13":{"start":{"line":71,"column":43},"end":{"line":71,"column":50}},"14":{"start":{"line":73,"column":16},"end":{"line":73,"column":88}},"15":{"start":{"line":75,"column":16},"end":{"line":89,"column":30}},"16":{"start":{"line":76,"column":24},"end":{"line":76,"column":53}},"17":{"start":{"line":77,"column":24},"end":{"line":77,"column":74}},"18":{"start":{"line":79,"column":24},"end":{"line":79,"column":53}},"19":{"start":{"line":82,"column":24},"end":{"line":86,"column":25}},"20":{"start":{"line":83,"column":28},"end":{"line":83,"column":78}},"21":{"start":{"line":85,"column":28},"end":{"line":85,"column":48}},"22":{"start":{"line":88,"column":24},"end":{"line":88,"column":55}},"23":{"start":{"line":91,"column":12},"end":{"line":91,"column":24}},"24":{"start":{"line":99,"column":12},"end":{"line":101,"column":13}},"25":{"start":{"line":100,"column":16},"end":{"line":100,"column":42}},"26":{"start":{"line":102,"column":12},"end":{"line":102,"column":24}},"27":{"start":{"line":110,"column":12},"end":{"line":110,"column":53}},"28":{"start":{"line":118,"column":12},"end":{"line":118,"column":40}},"29":{"start":{"line":119,"column":12},"end":{"line":122,"column":13}},"30":{"start":{"line":120,"column":16},"end":{"line":120,"column":46}},"31":{"start":{"line":121,"column":16},"end":{"line":121,"column":44}},"32":{"start":{"line":123,"column":12},"end":{"line":123,"column":45}},"33":{"start":{"line":124,"column":12},"end":{"line":124,"column":24}}},"branchMap":{"1":{"line":15,"type":"if","locations":[{"start":{"line":15,"column":4},"end":{"line":15,"column":4}},{"start":{"line":15,"column":4},"end":{"line":15,"column":4}}]},"2":{"line":15,"type":"binary-expr","locations":[{"start":{"line":15,"column":8},"end":{"line":15,"column":36}},{"start":{"line":15,"column":40},"end":{"line":15,"column":50}}]},"3":{"line":71,"type":"if","locations":[{"start":{"line":71,"column":16},"end":{"line":71,"column":16}},{"start":{"line":71,"column":16},"end":{"line":71,"column":16}}]},"4":{"line":82,"type":"if","locations":[{"start":{"line":82,"column":24},"end":{"line":82,"column":24}},{"start":{"line":82,"column":24},"end":{"line":82,"column":24}}]},"5":{"line":99,"type":"if","locations":[{"start":{"line":99,"column":12},"end":{"line":99,"column":12}},{"start":{"line":99,"column":12},"end":{"line":99,"column":12}}]},"6":{"line":99,"type":"binary-expr","locations":[{"start":{"line":99,"column":15},"end":{"line":99,"column":48}},{"start":{"line":99,"column":52},"end":{"line":99,"column":94}}]},"7":{"line":119,"type":"if","locations":[{"start":{"line":119,"column":12},"end":{"line":119,"column":12}},{"start":{"line":119,"column":12},"end":{"line":119,"column":12}}]}}}}